Copyright 1986-2016 Xilinx, Inc. All Rights Reserved.
------------------------------------------------------------------------------------
| Tool Version : Vivado v.2016.2 (lin64) Build 1577090 Thu Jun  2 16:32:35 MDT 2016
| Date         : Fri Oct 12 16:29:05 2018
| Host         : eecs-digital-11 running 64-bit Ubuntu 14.04.5 LTS
| Command      : report_control_sets -verbose -file labkit_control_sets_placed.rpt
| Design       : labkit
| Device       : xc7a100t
------------------------------------------------------------------------------------

Control Set Information

Table of Contents
-----------------
1. Summary
2. Flip-Flop Distribution
3. Detailed Control Set Information

1. Summary
----------

+----------------------------------------------------------+-------+
|                          Status                          | Count |
+----------------------------------------------------------+-------+
| Number of unique control sets                            |    43 |
| Unused register locations in slices containing registers |   249 |
+----------------------------------------------------------+-------+


2. Flip-Flop Distribution
-------------------------

+--------------+-----------------------+------------------------+-----------------+--------------+
| Clock Enable | Synchronous Set/Reset | Asynchronous Set/Reset | Total Registers | Total Slices |
+--------------+-----------------------+------------------------+-----------------+--------------+
| No           | No                    | No                     |              77 |           34 |
| No           | No                    | Yes                    |              16 |           13 |
| No           | Yes                   | No                     |              14 |            7 |
| Yes          | No                    | No                     |              14 |           11 |
| Yes          | No                    | Yes                    |               0 |            0 |
| Yes          | Yes                   | No                     |             254 |           67 |
+--------------+-----------------------+------------------------+-----------------+--------------+


3. Detailed Control Set Information
-----------------------------------

+---------------------------------+-----------------------------------+---------------------------------------------+------------------+----------------+
|           Clock Signal          |           Enable Signal           |               Set/Reset Signal              | Slice Load Count | Bel Load Count |
+---------------------------------+-----------------------------------+---------------------------------------------+------------------+----------------+
|  clock_25mhz_BUFG               |                                   | fsm/t_alarm_on_reg[0]_C                     |                1 |              1 |
|  clock_25mhz_BUFG               | fsm/out1_out                      |                                             |                1 |              1 |
|  clock_25mhz_BUFG               | deb_hidden/deb/new_i_1__3_n_0     |                                             |                1 |              1 |
|  clock_25mhz_BUFG               | deb_pr/deb/new_i_1__1_n_0         |                                             |                1 |              1 |
|  clock_25mhz_BUFG               | deb_brake/deb/new_i_1__2_n_0      |                                             |                1 |              1 |
|  clock_25mhz_BUFG               | deb_ig/deb/new_i_1_n_0            |                                             |                1 |              1 |
|  clock_25mhz_BUFG               | deb_dr/deb/new_i_1__0_n_0         |                                             |                1 |              1 |
|  clock_25mhz_BUFG               | deb_reprogram/deb/new_i_1__4_n_0  |                                             |                1 |              1 |
|  clock_25mhz_BUFG               | deb_time_value/deb/new_i_1__5_n_0 |                                             |                1 |              1 |
|  clock_25mhz_BUFG               | deb_sys_reset/deb/new_i_1__6_n_0  |                                             |                1 |              1 |
|  clock_25mhz_BUFG               |                                   | time_parameter/t_driver_delay[3]_i_1_n_0    |                1 |              1 |
|  clock_25mhz_BUFG               | fp/power_reg                      |                                             |                1 |              1 |
|  clock_25mhz_BUFG               |                                   | fsm/t_alarm_on_reg[0]_P                     |                1 |              1 |
|  clock_25mhz_BUFG               |                                   | fsm/t_arm_delay_reg[0]_C                    |                1 |              1 |
|  clock_25mhz_BUFG               |                                   | fsm/t_arm_delay_reg[0]_P                    |                1 |              1 |
|  clock_25mhz_BUFG               |                                   | fsm/t_driver_delay_reg[0]_C                 |                1 |              1 |
|  clock_25mhz_BUFG               |                                   | fsm/t_driver_delay_reg[0]_P                 |                1 |              1 |
|  clock_25mhz_BUFG               |                                   | fsm/t_passenger_delay_reg[0]_C              |                1 |              1 |
|  clock_25mhz_BUFG               |                                   | fsm/t_passenger_delay_reg[0]_P              |                1 |              1 |
|  fsm/t_passenger_delay_reg[0]_P |                                   | fsm/t_passenger_delay_reg[0]_C              |                1 |              1 |
|  fsm/t_alarm_on_reg[0]_P        |                                   | fsm/t_alarm_on_reg[0]_C                     |                1 |              1 |
|  fsm/t_arm_delay_reg[0]_P       |                                   | fsm/t_arm_delay_reg[0]_C                    |                1 |              1 |
|  fsm/t_driver_delay_reg[0]_P    |                                   | fsm/t_driver_delay_reg[0]_C                 |                1 |              1 |
|  CLK100MHZ_IBUF_BUFG            |                                   |                                             |                1 |              2 |
|  clock_25mhz_BUFG               |                                   | time_parameter/t_arm_delay[2]_i_1_n_0       |                2 |              2 |
|  clock_25mhz_BUFG               |                                   | time_parameter/t_alarm_on[3]_i_1_n_0        |                1 |              2 |
|  clock_25mhz_BUFG               |                                   | time_parameter/t_passenger_delay[3]_i_1_n_0 |                1 |              3 |
|  clock_25mhz_BUFG               | time_parameter/E[0]               |                                             |                1 |              4 |
|  clock_25mhz_BUFG               | vga1/hreset                       | vga1/vcount0                                |                4 |             10 |
|  clock_25mhz_BUFG               |                                   | vga1/hreset                                 |                3 |             10 |
|  clock_25mhz_BUFG               | test/thresh[1]_i_2_n_0            | test/thresh[1]_i_1_n_0                      |                4 |             15 |
|  clock_25mhz_BUFG               | fsm/siren                         | fsm/clear                                   |                4 |             16 |
|  clock_25mhz_BUFG               | deb_reprogram/deb/count           | deb_reprogram/deb/new_i_1__4_n_0            |                5 |             20 |
|  clock_25mhz_BUFG               | deb_time_value/deb/count          | deb_time_value/deb/new_i_1__5_n_0           |                5 |             20 |
|  clock_25mhz_BUFG               | deb_sys_reset/deb/count           | deb_sys_reset/deb/new_i_1__6_n_0            |                5 |             20 |
|  clock_25mhz_BUFG               | deb_dr/deb/count                  | deb_dr/deb/new_i_1__0_n_0                   |                5 |             20 |
|  clock_25mhz_BUFG               | deb_pr/deb/count                  | deb_pr/deb/new_i_1__1_n_0                   |                5 |             20 |
|  clock_25mhz_BUFG               | deb_brake/deb/count               | deb_brake/deb/new_i_1__2_n_0                |                5 |             20 |
|  clock_25mhz_BUFG               | deb_hidden/deb/count              | deb_hidden/deb/new_i_1__3_n_0               |                5 |             20 |
|  clock_25mhz_BUFG               | deb_ig/deb/count                  | deb_ig/deb/new_i_1_n_0                      |                5 |             20 |
|  clock_25mhz_BUFG               | d/counter[0]_i_1__0_n_0           | fsm/start_timer                             |                7 |             25 |
|  clock_25mhz_BUFG               | fsm/siren                         | test/count2[27]_i_1_n_0                     |                8 |             28 |
|  clock_25mhz_BUFG               |                                   |                                             |               33 |             75 |
+---------------------------------+-----------------------------------+---------------------------------------------+------------------+----------------+


